Using pre-set license
Built from '2020.2/staging' branch; Version is '2020.2.6f1 (8a2143876886) revision 9052483'; Using compiler version '192528614'; Build Type 'Release'
OS: 'Windows 10 Home; OS build 19042.867; Version 2009; 64bit' Language: 'en' Physical Memory: 65310 MB
BatchMode: 1, IsHumanControllingUs: 0, StartBugReporterOnCrash: 0, Is64bit: 1, IsPro: 0

 COMMAND LINE ARGUMENTS:
C:\Program Files\Unity\Hub\Editor\2020.2.6f1\Editor\Unity.exe
-adb2
-batchMode
-noUpm
-name
AssetImportWorker0
-projectPath
C:/Users/Omnissiah/Documents/GitHub/COSC-457-Project/First Game 3.0
-logFile
Logs/AssetImportWorker0.log
-srvPort
51712
Successfully changed project path to: C:/Users/Omnissiah/Documents/GitHub/COSC-457-Project/First Game 3.0
C:/Users/Omnissiah/Documents/GitHub/COSC-457-Project/First Game 3.0
Using Asset Import Pipeline V2.
Refreshing native plugins compatible for Editor in 33.17 ms, found 3 plugins.
Preloading 0 native plugins for Editor in 0.00 ms.
Initialize engine version: 2020.2.6f1 (8a2143876886)
[Subsystems] Discovering subsystems at path C:/Program Files/Unity/Hub/Editor/2020.2.6f1/Editor/Data/Resources/UnitySubsystems
[Subsystems] Discovering subsystems at path C:/Users/Omnissiah/Documents/GitHub/COSC-457-Project/First Game 3.0/Assets
GfxDevice: creating device client; threaded=0
Direct3D:
    Version:  Direct3D 11.0 [level 11.1]
    Renderer: NVIDIA GeForce RTX 2070 SUPER (ID=0x1e84)
    Vendor:   
    VRAM:     8011 MB
    Driver:   27.21.14.5751
Initialize mono
Mono path[0] = 'C:/Program Files/Unity/Hub/Editor/2020.2.6f1/Editor/Data/Managed'
Mono path[1] = 'C:/Program Files/Unity/Hub/Editor/2020.2.6f1/Editor/Data/MonoBleedingEdge/lib/mono/unityjit'
Mono config path = 'C:/Program Files/Unity/Hub/Editor/2020.2.6f1/Editor/Data/MonoBleedingEdge/etc'
Using monoOptions --debugger-agent=transport=dt_socket,embedding=1,server=y,suspend=n,address=127.0.0.1:56040
Begin MonoManager ReloadAssembly
Registering precompiled unity dll's ...
Register platform support module: C:/Program Files/Unity/Hub/Editor/2020.2.6f1/Editor/Data/PlaybackEngines/WebGLSupport/UnityEditor.WebGL.Extensions.dll
Register platform support module: C:/Program Files/Unity/Hub/Editor/2020.2.6f1/Editor/Data/PlaybackEngines/MacStandaloneSupport/UnityEditor.OSXStandalone.Extensions.dll
Register platform support module: C:/Program Files/Unity/Hub/Editor/2020.2.6f1/Editor/Data/PlaybackEngines/WindowsStandaloneSupport/UnityEditor.WindowsStandalone.Extensions.dll
Register platform support module: C:/Program Files/Unity/Hub/Editor/2020.2.6f1/Editor/Data/PlaybackEngines/LinuxStandaloneSupport/UnityEditor.LinuxStandalone.Extensions.dll
Registered in 0.004015 seconds.
Native extension for LinuxStandalone target not found
Native extension for WindowsStandalone target not found
Native extension for OSXStandalone target not found
Native extension for WebGL target not found
Refreshing native plugins compatible for Editor in 31.74 ms, found 3 plugins.
Preloading 0 native plugins for Editor in 0.00 ms.
Invoked RoslynAnalysisRunner static constructor.
RoslynAnalysisRunner will not be running.
RoslynAnalysisRunner has terminated.
Mono: successfully reloaded assembly
- Completed reload, in  2.397 seconds
Platform modules already initialized, skipping
Registering precompiled user dll's ...
Registered in 0.003279 seconds.
Begin MonoManager ReloadAssembly
Native extension for LinuxStandalone target not found
Native extension for WindowsStandalone target not found
Native extension for OSXStandalone target not found
Native extension for WebGL target not found
Refreshing native plugins compatible for Editor in 32.37 ms, found 3 plugins.
Preloading 0 native plugins for Editor in 0.00 ms.
Invoked RoslynAnalysisRunner static constructor.
RoslynAnalysisRunner will not be running.
RoslynAnalysisRunner has terminated.
Mono: successfully reloaded assembly
- Completed reload, in  0.773 seconds
Platform modules already initialized, skipping
========================================================================
Worker process is ready to serve import requests
Launched and connected shader compiler UnityShaderCompiler.exe after 0.04 seconds
Refreshing native plugins compatible for Editor in 0.65 ms, found 3 plugins.
Preloading 0 native plugins for Editor in 0.00 ms.
Unloading 2028 Unused Serialized files (Serialized files now loaded: 0)
System memory in use before: 94.6 MB.
System memory in use after: 94.7 MB.

Unloading 25 unused Assets to reduce memory usage. Loaded Objects now: 2471.
Total: 2.046800 ms (FindLiveObjects: 0.427600 ms CreateObjectMapping: 0.153300 ms MarkObjects: 1.408400 ms  DeleteObjects: 0.055800 ms)

========================================================================
Received Import Request.
  path: Assets/MAIN PROJECT/Background
  artifactKey: Guid(09f4752c0151a094089ec609470bc575) Importer(815301076,1909f56bfc062723c751e8b465ee728b)
Start importing Assets/MAIN PROJECT/Background using Guid(09f4752c0151a094089ec609470bc575) Importer(815301076,1909f56bfc062723c751e8b465ee728b)  -> (artifact id: '334011d9d13d25fcc32c9ebc48065c4a') in 0.004845 seconds
  Import took 0.007561 seconds .

========================================================================
Received Import Request.
  Time since last request: 0.000244 seconds.
  path: Assets/MAIN PROJECT/Palette
  artifactKey: Guid(09c1803c315519346b6cb876b5d525b6) Importer(815301076,1909f56bfc062723c751e8b465ee728b)
Start importing Assets/MAIN PROJECT/Palette using Guid(09c1803c315519346b6cb876b5d525b6) Importer(815301076,1909f56bfc062723c751e8b465ee728b)  -> (artifact id: 'f0565dd7f54a4e0f92438837e6d56a36') in 0.002219 seconds
  Import took 0.004710 seconds .

========================================================================
Received Import Request.
  Time since last request: 6.268523 seconds.
  path: Assets/MAIN PROJECT/Scripts
  artifactKey: Guid(f4aa33ea6f3d78b46829546b16294b9e) Importer(815301076,1909f56bfc062723c751e8b465ee728b)
Start importing Assets/MAIN PROJECT/Scripts using Guid(f4aa33ea6f3d78b46829546b16294b9e) Importer(815301076,1909f56bfc062723c751e8b465ee728b)  -> (artifact id: '96436d56d691a614a4a35aa59fa8679c') in 0.002165 seconds
  Import took 0.004519 seconds .

========================================================================
Received Import Request.
  Time since last request: 0.000830 seconds.
  path: Assets/MAIN PROJECT/Scripts
  artifactKey: Guid(f4aa33ea6f3d78b46829546b16294b9e) Importer(815301076,1909f56bfc062723c751e8b465ee728b)
Start importing Assets/MAIN PROJECT/Scripts using Guid(f4aa33ea6f3d78b46829546b16294b9e) Importer(815301076,1909f56bfc062723c751e8b465ee728b)  -> (artifact id: '96436d56d691a614a4a35aa59fa8679c') in 0.002025 seconds
  Import took 0.004115 seconds .

========================================================================
Received Import Request.
  Time since last request: 0.812783 seconds.
  path: Assets/MAIN PROJECT/Scenes
  artifactKey: Guid(ae403f712b5ff954f95a025561a6f6f7) Importer(815301076,1909f56bfc062723c751e8b465ee728b)
Start importing Assets/MAIN PROJECT/Scenes using Guid(ae403f712b5ff954f95a025561a6f6f7) Importer(815301076,1909f56bfc062723c751e8b465ee728b)  -> (artifact id: '92d61dca059cc21e3efe0941ef2afbc2') in 0.002153 seconds
  Import took 0.004483 seconds .

========================================================================
Received Import Request.
  Time since last request: 0.000765 seconds.
  path: Assets/MAIN PROJECT/Scenes
  artifactKey: Guid(ae403f712b5ff954f95a025561a6f6f7) Importer(815301076,1909f56bfc062723c751e8b465ee728b)
Start importing Assets/MAIN PROJECT/Scenes using Guid(ae403f712b5ff954f95a025561a6f6f7) Importer(815301076,1909f56bfc062723c751e8b465ee728b)  -> (artifact id: '92d61dca059cc21e3efe0941ef2afbc2') in 0.001866 seconds
  Import took 0.003961 seconds .

========================================================================
Received Import Request.
  Time since last request: 0.438764 seconds.
  path: Assets/MAIN PROJECT/Prefab
  artifactKey: Guid(66018173c63e25945b435ba5225cafe1) Importer(815301076,1909f56bfc062723c751e8b465ee728b)
Start importing Assets/MAIN PROJECT/Prefab using Guid(66018173c63e25945b435ba5225cafe1) Importer(815301076,1909f56bfc062723c751e8b465ee728b)  -> (artifact id: '8288581bc962240bbad378d1372135ae') in 0.002165 seconds
  Import took 0.004742 seconds .

========================================================================
Received Import Request.
  Time since last request: 0.000384 seconds.
  path: Assets/MAIN PROJECT/Prefab
  artifactKey: Guid(66018173c63e25945b435ba5225cafe1) Importer(815301076,1909f56bfc062723c751e8b465ee728b)
Start importing Assets/MAIN PROJECT/Prefab using Guid(66018173c63e25945b435ba5225cafe1) Importer(815301076,1909f56bfc062723c751e8b465ee728b)  -> (artifact id: '8288581bc962240bbad378d1372135ae') in 0.002009 seconds
  Import took 0.004437 seconds .

========================================================================
Received Import Request.
  Time since last request: 0.422057 seconds.
  path: Assets/MAIN PROJECT/Music
  artifactKey: Guid(dcc1af444c0d9e546b653045c7f19cf6) Importer(815301076,1909f56bfc062723c751e8b465ee728b)
Start importing Assets/MAIN PROJECT/Music using Guid(dcc1af444c0d9e546b653045c7f19cf6) Importer(815301076,1909f56bfc062723c751e8b465ee728b)  -> (artifact id: 'd68a1b63b39d6235902c0e8e5863db70') in 0.002268 seconds
  Import took 0.004793 seconds .

========================================================================
Received Import Request.
  Time since last request: 0.001103 seconds.
  path: Assets/MAIN PROJECT/Music
  artifactKey: Guid(dcc1af444c0d9e546b653045c7f19cf6) Importer(815301076,1909f56bfc062723c751e8b465ee728b)
Start importing Assets/MAIN PROJECT/Music using Guid(dcc1af444c0d9e546b653045c7f19cf6) Importer(815301076,1909f56bfc062723c751e8b465ee728b)  -> (artifact id: 'd68a1b63b39d6235902c0e8e5863db70') in 0.002201 seconds
  Import took 0.005016 seconds .

========================================================================
Received Import Request.
  Time since last request: 0.476751 seconds.
  path: Assets/MAIN PROJECT/Animation
  artifactKey: Guid(d56e788403c380d438acc98309dccdd5) Importer(815301076,1909f56bfc062723c751e8b465ee728b)
Start importing Assets/MAIN PROJECT/Animation using Guid(d56e788403c380d438acc98309dccdd5) Importer(815301076,1909f56bfc062723c751e8b465ee728b)  -> (artifact id: 'e01409852700f544aeadc0b826de2b79') in 0.002182 seconds
  Import took 0.004621 seconds .

========================================================================
Received Import Request.
  Time since last request: 0.000584 seconds.
  path: Assets/MAIN PROJECT/Animation
  artifactKey: Guid(d56e788403c380d438acc98309dccdd5) Importer(815301076,1909f56bfc062723c751e8b465ee728b)
Start importing Assets/MAIN PROJECT/Animation using Guid(d56e788403c380d438acc98309dccdd5) Importer(815301076,1909f56bfc062723c751e8b465ee728b)  -> (artifact id: 'e01409852700f544aeadc0b826de2b79') in 0.001957 seconds
  Import took 0.004231 seconds .

========================================================================
Received Import Request.
  Time since last request: 0.694315 seconds.
  path: Assets/Downloads/Hero Knight - Pixel Art
  artifactKey: Guid(78273014f9d60564fa0132f7d2b5e4a2) Importer(815301076,1909f56bfc062723c751e8b465ee728b)
Start importing Assets/Downloads/Hero Knight - Pixel Art using Guid(78273014f9d60564fa0132f7d2b5e4a2) Importer(815301076,1909f56bfc062723c751e8b465ee728b)  -> (artifact id: '73a4ae86565f2facfa209b7182e9db38') in 0.002222 seconds
  Import took 0.004547 seconds .

========================================================================
Received Import Request.
  Time since last request: 0.000454 seconds.
  path: Assets/Downloads/Hero Knight - Pixel Art
  artifactKey: Guid(78273014f9d60564fa0132f7d2b5e4a2) Importer(815301076,1909f56bfc062723c751e8b465ee728b)
Start importing Assets/Downloads/Hero Knight - Pixel Art using Guid(78273014f9d60564fa0132f7d2b5e4a2) Importer(815301076,1909f56bfc062723c751e8b465ee728b)  -> (artifact id: '73a4ae86565f2facfa209b7182e9db38') in 0.001765 seconds
  Import took 0.003736 seconds .

========================================================================
Received Prepare
Registering precompiled user dll's ...
Registered in 0.002004 seconds.
Begin MonoManager ReloadAssembly
Native extension for LinuxStandalone target not found
Native extension for WindowsStandalone target not found
Native extension for OSXStandalone target not found
Native extension for WebGL target not found
Refreshing native plugins compatible for Editor in 0.40 ms, found 3 plugins.
Preloading 0 native plugins for Editor in 0.00 ms.
Invoked RoslynAnalysisRunner static constructor.
RoslynAnalysisRunner will not be running.
RoslynAnalysisRunner has terminated.
Mono: successfully reloaded assembly
- Completed reload, in  0.697 seconds
Platform modules already initialized, skipping
Refreshing native plugins compatible for Editor in 0.40 ms, found 3 plugins.
Preloading 0 native plugins for Editor in 0.00 ms.
Unloading 2000 Unused Serialized files (Serialized files now loaded: 0)
System memory in use before: 92.8 MB.
System memory in use after: 92.9 MB.

Unloading 14 unused Assets to reduce memory usage. Loaded Objects now: 2473.
Total: 1.689000 ms (FindLiveObjects: 0.223600 ms CreateObjectMapping: 0.095500 ms MarkObjects: 1.355600 ms  DeleteObjects: 0.013600 ms)

AssetImportWorkerClient::OnTransportError - code=2 error=End of file
